

------------------------------------------------------------------------
r8c75285 | ilya@igvita.com | 2008-08-03 01:51:43 -07:00 (Sun, 03 Aug 2008 01:51:43 -07:00) | x lines
Changed paths:
M lib/oauth/rails/controller_methods.rb

------------------------------------------------------------------------
r5ba52cf | jon@kaboomerang.com | 2008-06-23 21:42:15 -07:00 (Mon, 23 Jun 2008 21:42:15 -07:00) | x lines
Changed paths:
A generators/oauth_provider/templates/clients_controller.rb
A generators/oauth_provider/templates/clients_controller_spec.rb
A generators/oauth_provider/templates/clients_helper.rb
A generators/oauth_provider/templates/controller_spec_helper.rb
M CHANGELOG
M README.rdoc
M generators/oauth_provider/oauth_provider_generator.rb
M generators/oauth_provider/templates/controller.rb
M generators/oauth_provider/templates/controller_spec.rb

------------------------------------------------------------------------
rdf3b167 | pelleb@gmail.com | 2008-06-21 16:11:02 -07:00 (Sat, 21 Jun 2008 16:11:02 -07:00) | x lines
Changed paths:
A README.rdoc
R README

------------------------------------------------------------------------
r5fb5480 | pelleb@gmail.com | 2008-06-21 16:09:16 -07:00 (Sat, 21 Jun 2008 16:09:16 -07:00) | x lines
Changed paths:
A .gitignore

------------------------------------------------------------------------
re4c8110 | pelleb@gmail.com | 2008-04-14 00:32:13 -07:00 (Mon, 14 Apr 2008 00:32:13 -07:00) | x lines
Changed paths:
M generators/oauth_provider/templates/authorize.html.erb

------------------------------------------------------------------------
r43dd078 | pelleb@gmail.com | 2008-03-17 09:19:03 -07:00 (Mon, 17 Mar 2008 09:19:03 -07:00) | x lines
Changed paths:
M generators/oauth_provider/templates/new.html.erb

------------------------------------------------------------------------
rb00a693 | pelleb@gmail.com | 2008-02-04 10:16:11 -08:00 (Mon, 04 Feb 2008 10:16:11 -08:00) | x lines
Changed paths:
M generators/oauth_provider/templates/client_application_spec.rb

------------------------------------------------------------------------
rc06e731 | pelleb@gmail.com | 2008-02-02 16:39:50 -08:00 (Sat, 02 Feb 2008 16:39:50 -08:00) | x lines
Changed paths:
M CHANGELOG
M lib/oauth/rails/controller_methods.rb

------------------------------------------------------------------------
r2eda62c | pelleb@gmail.com | 2008-01-30 01:30:41 -08:00 (Wed, 30 Jan 2008 01:30:41 -08:00) | x lines
Changed paths:
M README
M generators/oauth_provider/templates/client_application.rb
M generators/oauth_provider/templates/client_application_spec.rb
M generators/oauth_provider/templates/controller.rb
M generators/oauth_provider/templates/controller_spec.rb
M generators/oauth_provider/templates/oauth_nonce_spec.rb
M generators/oauth_provider/templates/oauth_token.rb
M init.rb
M lib/oauth/rails/controller_methods.rb

------------------------------------------------------------------------
rc4e2ee1 | pelleb@gmail.com | 2008-01-21 11:24:32 -08:00 (Mon, 21 Jan 2008 11:24:32 -08:00) | x lines
Changed paths:
M init.rb

------------------------------------------------------------------------
r64acfb4 | pelleb@gmail.com | 2007-11-30 11:51:36 -08:00 (Fri, 30 Nov 2007 11:51:36 -08:00) | x lines
Changed paths:
M generators/oauth_provider/templates/controller_spec.rb
M lib/oauth/rails/controller_methods.rb

------------------------------------------------------------------------
r5eaa4c2 | pelleb@gmail.com | 2007-11-30 10:04:51 -08:00 (Fri, 30 Nov 2007 10:04:51 -08:00) | x lines
Changed paths:
M README
M lib/oauth/rails/controller_methods.rb

------------------------------------------------------------------------
r0af36bd | pelleb@gmail.com | 2007-11-28 08:37:07 -08:00 (Wed, 28 Nov 2007 08:37:07 -08:00) | x lines
Changed paths:
M generators/oauth_provider/templates/client_application_spec.rb

------------------------------------------------------------------------
r4edb8be | pelleb@gmail.com | 2007-11-27 00:46:14 -08:00 (Tue, 27 Nov 2007 00:46:14 -08:00) | x lines
Changed paths:
A CHANGELOG
A MIT-LICENSE
A README
A Rakefile
A generators/oauth_provider/USAGE
A generators/oauth_provider/oauth_provider_generator.rb
A generators/oauth_provider/templates/_form.html.erb
A generators/oauth_provider/templates/access_token.rb
A generators/oauth_provider/templates/authorize.html.erb
A generators/oauth_provider/templates/authorize_failure.html.erb
A generators/oauth_provider/templates/authorize_success.html.erb
A generators/oauth_provider/templates/client_application.rb
A generators/oauth_provider/templates/client_application_spec.rb
A generators/oauth_provider/templates/client_applications.yml
A generators/oauth_provider/templates/controller.rb
A generators/oauth_provider/templates/controller_spec.rb
A generators/oauth_provider/templates/helper.rb
A generators/oauth_provider/templates/index.html.erb
A generators/oauth_provider/templates/migration.rb
A generators/oauth_provider/templates/new.html.erb
A generators/oauth_provider/templates/oauth_nonce.rb
A generators/oauth_provider/templates/oauth_nonce_spec.rb
A generators/oauth_provider/templates/oauth_nonces.yml
A generators/oauth_provider/templates/oauth_token.rb
A generators/oauth_provider/templates/oauth_token_spec.rb
A generators/oauth_provider/templates/oauth_tokens.yml
A generators/oauth_provider/templates/request_token.rb
A generators/oauth_provider/templates/show.html.erb
A init.rb
A install.rb
A lib/oauth/rails/controller_methods.rb
A tasks/oauth_tasks.rake
A uninstall.rb